<?xml version="1.0" encoding="UTF-8"?>
<testng-results skipped="0" failed="0" total="1" passed="1">
  <reporter-output>
  </reporter-output>
  <suite name="Default suite" duration-ms="1812" started-at="2015-05-29T09:05:12Z" finished-at="2015-05-29T09:05:14Z">
    <groups>
    </groups>
    <test name="Default test" duration-ms="1812" started-at="2015-05-29T09:05:12Z" finished-at="2015-05-29T09:05:14Z">
      <class name="com.gymboree.test.TestFunctionality">
        <test-method status="PASS" signature="test()[pri:0, instance:com.gymboree.test.TestFunctionality@64cbb440]" name="test" duration-ms="1782" started-at="2015-05-29T14:35:12Z" finished-at="2015-05-29T14:35:14Z">
          <reporter-output>
          </reporter-output>
        </test-method> <!-- test -->
      </class> <!-- com.gymboree.test.TestFunctionality -->
    </test> <!-- Default test -->
  </suite> <!-- Default suite -->
</testng-results>
